<?xml version="1.0" encoding="UTF-8"?>
<testsuite name="com.phonebook.tests.CreateAccountTests" tests="1" skipped="0" failures="0" errors="0" timestamp="2025-04-21T17:37:31" hostname="LAPTOP-GEI1GTKT" time="1.756">
  <properties/>
  <testcase name="existedUserRegistrationNegativeTest" classname="com.phonebook.tests.CreateAccountTests" time="1.756"/>
  <system-out><![CDATA[20:37:31.826 [Test worker] INFO  com.phonebook.tests.TestBase -- Start testexistedUserRegistrationNegativeTest[]
20:37:31.830 [Test worker] INFO  com.phonebook.utils.MyListener -- Before find elementsBy.cssSelector: [href='/login']
20:37:31.832 [Test worker] INFO  com.phonebook.utils.MyListener -- ********************************************
20:37:31.921 [Test worker] INFO  com.phonebook.utils.MyListener -- List size is1
20:37:31.922 [Test worker] INFO  com.phonebook.utils.MyListener -- ********************************************
20:37:31.926 [Test worker] INFO  com.phonebook.utils.MyListener -- The locator will findBy.cssSelector: [href='/login']
20:37:31.931 [Test worker] INFO  com.phonebook.utils.MyListener -- ********************************************
20:37:31.980 [Test worker] INFO  com.phonebook.utils.MyListener -- The locator foundBy.cssSelector: [href='/login']
20:37:31.981 [Test worker] INFO  com.phonebook.utils.MyListener -- ********************************************
20:37:32.116 [Test worker] INFO  com.phonebook.utils.MyListener -- The locator will findBy.name: email
20:37:32.118 [Test worker] INFO  com.phonebook.utils.MyListener -- ********************************************
20:37:32.167 [Test worker] INFO  com.phonebook.utils.MyListener -- The locator foundBy.name: email
20:37:32.167 [Test worker] INFO  com.phonebook.utils.MyListener -- ********************************************
20:37:32.259 [Test worker] INFO  com.phonebook.utils.MyListener -- The locator will findBy.name: email
20:37:32.260 [Test worker] INFO  com.phonebook.utils.MyListener -- ********************************************
20:37:32.297 [Test worker] INFO  com.phonebook.utils.MyListener -- The locator foundBy.name: email
20:37:32.308 [Test worker] INFO  com.phonebook.utils.MyListener -- ********************************************
20:37:32.358 [Test worker] INFO  com.phonebook.utils.MyListener -- The locator will findBy.name: email
20:37:32.359 [Test worker] INFO  com.phonebook.utils.MyListener -- ********************************************
20:37:32.402 [Test worker] INFO  com.phonebook.utils.MyListener -- The locator foundBy.name: email
20:37:32.402 [Test worker] INFO  com.phonebook.utils.MyListener -- ********************************************
20:37:32.470 [Test worker] INFO  com.phonebook.utils.MyListener -- The locator will findBy.name: password
20:37:32.470 [Test worker] INFO  com.phonebook.utils.MyListener -- ********************************************
20:37:32.493 [Test worker] INFO  com.phonebook.utils.MyListener -- The locator foundBy.name: password
20:37:32.494 [Test worker] INFO  com.phonebook.utils.MyListener -- ********************************************
20:37:32.589 [Test worker] INFO  com.phonebook.utils.MyListener -- The locator will findBy.name: password
20:37:32.589 [Test worker] INFO  com.phonebook.utils.MyListener -- ********************************************
20:37:32.628 [Test worker] INFO  com.phonebook.utils.MyListener -- The locator foundBy.name: password
20:37:32.628 [Test worker] INFO  com.phonebook.utils.MyListener -- ********************************************
20:37:32.720 [Test worker] INFO  com.phonebook.utils.MyListener -- The locator will findBy.name: password
20:37:32.723 [Test worker] INFO  com.phonebook.utils.MyListener -- ********************************************
20:37:32.745 [Test worker] INFO  com.phonebook.utils.MyListener -- The locator foundBy.name: password
20:37:32.746 [Test worker] INFO  com.phonebook.utils.MyListener -- ********************************************
20:37:32.877 [Test worker] INFO  com.phonebook.utils.MyListener -- The locator will findBy.name: registration
20:37:32.880 [Test worker] INFO  com.phonebook.utils.MyListener -- ********************************************
20:37:32.910 [Test worker] INFO  com.phonebook.utils.MyListener -- The locator foundBy.name: registration
20:37:32.910 [Test worker] INFO  com.phonebook.utils.MyListener -- ********************************************
20:37:33.023 [Test worker] INFO  com.phonebook.utils.MyListener -- The test has a problem
20:37:33.023 [Test worker] INFO  com.phonebook.utils.MyListener -- ********************************************
20:37:33.023 [Test worker] INFO  com.phonebook.utils.MyListener -- Method-->alert
20:37:33.023 [Test worker] INFO  com.phonebook.utils.MyListener -- ********************************************
20:37:33.026 [Test worker] INFO  com.phonebook.utils.MyListener -- Target Exception-->org.openqa.selenium.NoAlertPresentException: no such alert
  (Session info: chrome=135.0.7049.96)
Build info: version: '4.26.0', revision: '8ccf0219d7'
System info: os.name: 'Windows 11', os.arch: 'amd64', os.version: '10.0', java.version: '17.0.14'
Driver info: org.openqa.selenium.chrome.ChromeDriver
Command: [047f2d97591257fad5376a29a890a38c, getAlertText {}]
Capabilities {acceptInsecureCerts: false, browserName: chrome, browserVersion: 135.0.7049.96, chrome: {chromedriverVersion: 135.0.7049.42 (0f351bbd2617..., userDataDir: C:\Users\arti-\AppData\Loca...}, fedcm:accounts: true, goog:chromeOptions: {debuggerAddress: localhost:53754}, networkConnectionEnabled: false, pageLoadStrategy: normal, platformName: windows, proxy: Proxy(), se:cdp: ws://localhost:53754/devtoo..., se:cdpVersion: 135.0.7049.96, setWindowRect: true, strictFileInteractability: false, timeouts: {implicit: 0, pageLoad: 300000, script: 30000}, unhandledPromptBehavior: dismiss and notify, webauthn:extension:credBlob: true, webauthn:extension:largeBlob: true, webauthn:extension:minPinLength: true, webauthn:extension:prf: true, webauthn:virtualAuthenticators: true}
Session ID: 047f2d97591257fad5376a29a890a38c
20:37:33.027 [Test worker] INFO  com.phonebook.utils.MyListener -- ********************************************
20:37:33.027 [Test worker] INFO  com.phonebook.utils.MyListener -- Object target-->org.openqa.selenium.remote.RemoteWebDriver$RemoteTargetLocator@72f9f27c
20:37:33.027 [Test worker] INFO  com.phonebook.utils.MyListener -- ********************************************
20:37:33.590 [Test worker] INFO  com.phonebook.utils.MyListener -- Before find elementsBy.cssSelector: .login_login__3EHKB>div
20:37:33.598 [Test worker] INFO  com.phonebook.utils.MyListener -- ********************************************
20:37:33.672 [Test worker] INFO  com.phonebook.utils.MyListener -- List size is1
20:37:33.675 [Test worker] INFO  com.phonebook.utils.MyListener -- ********************************************
20:37:33.682 [Test worker] INFO  com.phonebook.tests.TestBase -- PASSED: existedUserRegistrationNegativeTest
20:37:33.683 [Test worker] INFO  com.phonebook.tests.TestBase -- Stop test
20:37:33.684 [Test worker] INFO  com.phonebook.tests.TestBase -- ====================================================
]]></system-out>
  <system-err><![CDATA[]]></system-err>
</testsuite>
